mode: set
altera/Day4/controllers/bookController.go:12.39,21.2 2 1
altera/Day4/controllers/bookController.go:23.40,25.16 2 1
altera/Day4/controllers/bookController.go:29.2,30.18 2 1
altera/Day4/controllers/bookController.go:37.2,40.4 1 1
altera/Day4/controllers/bookController.go:25.16,27.3 1 1
altera/Day4/controllers/bookController.go:30.18,35.3 1 1
altera/Day4/controllers/bookController.go:43.43,45.16 2 1
altera/Day4/controllers/bookController.go:49.2,56.4 4 1
altera/Day4/controllers/bookController.go:45.16,47.3 1 1
altera/Day4/controllers/bookController.go:59.43,61.16 2 1
altera/Day4/controllers/bookController.go:65.2,66.18 2 1
altera/Day4/controllers/bookController.go:72.2,74.4 1 1
altera/Day4/controllers/bookController.go:61.16,63.3 1 1
altera/Day4/controllers/bookController.go:66.18,70.3 1 1
altera/Day4/controllers/bookController.go:77.36,89.2 4 1
